2016-08-14 13:24:38,399 INFO  [RegTest] Test.RegTest  validRegVerifiactionTest is started running 
2016-08-14 13:24:38,441 INFO  [RegTest] Loaded the information 
2016-08-14 13:35:42,940 INFO  [RegTest]  
2016-08-14 13:35:42,941 INFO  [RegTest]  
2016-08-14 13:35:42,942 INFO  [RegTest]  
2016-08-14 13:35:42,942 INFO  [RegTest]  
2016-08-14 13:35:42,942 INFO  [RegTest]  
2016-08-14 13:35:42,943 INFO  [RegTest]  
2016-08-14 13:35:42,944 INFO  [RegTest]  
2016-08-14 13:35:42,944 INFO  [RegTest]  
2016-08-14 13:35:42,945 INFO  [RegTest]  
2016-08-14 13:35:42,946 INFO  [RegTest]  
2016-08-14 13:35:42,948 INFO  [RegTest]  
2016-08-14 13:35:42,950 INFO  [RegTest]  
2016-08-14 13:35:42,950 INFO  [RegTest]  
2016-08-14 13:39:31,483 INFO  [RegTest] Row = 9Column = 15 
2016-08-14 13:39:31,503 INFO  [RegTest]  
2016-08-14 13:39:31,503 INFO  [RegTest]  
2016-08-14 13:39:31,503 INFO  [RegTest]  
2016-08-14 13:39:31,504 INFO  [RegTest]  
2016-08-14 13:39:31,504 INFO  [RegTest]  
2016-08-14 13:39:31,505 INFO  [RegTest]  
2016-08-14 13:39:31,505 INFO  [RegTest]  
2016-08-14 13:39:31,505 INFO  [RegTest]  
2016-08-14 13:39:31,505 INFO  [RegTest]  
2016-08-14 13:39:31,506 INFO  [RegTest]  
2016-08-14 13:39:31,506 INFO  [RegTest]  
2016-08-14 13:39:31,506 INFO  [RegTest]  
2016-08-14 13:39:31,506 INFO  [RegTest]  
2016-08-14 13:41:40,631 INFO  [RegTest] Row = 9Column = 15 
2016-08-14 13:41:40,668 INFO  [RegTest]  
2016-08-14 13:41:40,669 INFO  [RegTest]  
2016-08-14 13:41:40,669 INFO  [RegTest]  
2016-08-14 13:41:40,669 INFO  [RegTest]  
2016-08-14 13:41:40,670 INFO  [RegTest]  
2016-08-14 13:41:40,670 INFO  [RegTest]  
2016-08-14 13:41:40,671 INFO  [RegTest]  
2016-08-14 13:41:40,671 INFO  [RegTest]  
2016-08-14 13:41:40,671 INFO  [RegTest]  
2016-08-14 13:41:40,671 INFO  [RegTest]  
2016-08-14 13:41:40,672 INFO  [RegTest]  
2016-08-14 13:41:40,672 INFO  [RegTest]  
2016-08-14 13:41:40,672 INFO  [RegTest]  
2016-08-14 13:43:46,755 INFO  [RegTest] Row = 9Column = 15 
2016-08-14 13:43:46,765 INFO  [RegTest] Ravi 
2016-08-14 13:46:00,512 INFO  [RegTest] Row = 9Column = 15 
2016-08-14 13:46:00,597 INFO  [RegTest] Manikandan 
2016-08-14 13:46:00,597 INFO  [RegTest] Ravi 
2016-08-14 13:46:00,597 INFO  [RegTest] 9176040636 
2016-08-14 13:46:00,598 INFO  [RegTest] rmani2005 
2016-08-14 13:46:00,598 INFO  [RegTest] 1/72 Anna Main Road 
2016-08-14 13:46:00,598 INFO  [RegTest] Kolapakkam 
2016-08-14 13:46:00,598 INFO  [RegTest] Chennai 
2016-08-14 13:46:00,599 INFO  [RegTest] Tamil Nadu 
2016-08-14 13:46:00,599 INFO  [RegTest] 600122 
2016-08-14 13:46:00,599 INFO  [RegTest] India 
2016-08-14 13:46:00,600 INFO  [RegTest] rmani2005@gmail.com 
2016-08-14 13:46:00,600 INFO  [RegTest] Mani-12345 
2016-08-14 13:46:00,600 INFO  [RegTest] Mani-12345 
2016-08-14 13:46:00,600 INFO  [RegTest] No Actions 
2016-08-14 13:46:00,601 INFO  [RegTest]  
2016-08-14 13:46:00,602 INFO  [RegTest]  
2016-08-14 13:46:00,602 INFO  [RegTest]  
2016-08-14 13:46:00,602 INFO  [RegTest]  
2016-08-14 13:46:00,602 INFO  [RegTest]  
2016-08-14 13:46:00,603 INFO  [RegTest]  
2016-08-14 13:46:00,603 INFO  [RegTest]  
2016-08-14 13:46:00,603 INFO  [RegTest]  
2016-08-14 13:46:00,604 INFO  [RegTest]  
2016-08-14 13:46:00,604 INFO  [RegTest]  
2016-08-14 13:46:00,604 INFO  [RegTest]  
2016-08-14 13:46:00,604 INFO  [RegTest]  
2016-08-14 13:46:00,604 INFO  [RegTest]  
2016-08-14 13:46:00,605 INFO  [RegTest]  
2016-08-14 13:46:00,605 INFO  [RegTest]  
2016-08-14 13:46:00,605 INFO  [RegTest]  
2016-08-14 13:46:00,605 INFO  [RegTest]  
2016-08-14 13:46:00,605 INFO  [RegTest]  
2016-08-14 13:46:00,605 INFO  [RegTest]  
2016-08-14 13:46:00,606 INFO  [RegTest]  
2016-08-14 13:46:00,606 INFO  [RegTest]  
2016-08-14 13:46:00,606 INFO  [RegTest]  
2016-08-14 13:46:00,606 INFO  [RegTest]  
2016-08-14 13:46:00,606 INFO  [RegTest]  
2016-08-14 13:46:00,607 INFO  [RegTest]  
2016-08-14 13:46:00,607 INFO  [RegTest]  
2016-08-14 13:46:00,607 INFO  [RegTest]  
2016-08-14 13:46:00,607 INFO  [RegTest]  
2016-08-14 13:46:00,607 INFO  [RegTest]  
2016-08-14 13:46:00,608 INFO  [RegTest]  
2016-08-14 13:46:00,608 INFO  [RegTest]  
2016-08-14 13:46:00,608 INFO  [RegTest]  
2016-08-14 13:46:00,608 INFO  [RegTest]  
2016-08-14 13:46:00,608 INFO  [RegTest]  
2016-08-14 13:46:00,609 INFO  [RegTest]  
2016-08-14 13:46:00,609 INFO  [RegTest]  
2016-08-14 13:46:00,609 INFO  [RegTest]  
2016-08-14 13:46:00,609 INFO  [RegTest]  
2016-08-14 13:46:00,609 INFO  [RegTest]  
2016-08-14 13:46:00,610 INFO  [RegTest]  
2016-08-14 13:46:00,610 INFO  [RegTest]  
2016-08-14 13:46:00,610 INFO  [RegTest]  
2016-08-14 13:46:00,610 INFO  [RegTest]  
2016-08-14 13:46:00,610 INFO  [RegTest]  
2016-08-14 13:46:00,611 INFO  [RegTest]  
2016-08-14 13:46:00,611 INFO  [RegTest]  
2016-08-14 13:46:00,611 INFO  [RegTest]  
2016-08-14 13:46:00,612 INFO  [RegTest]  
2016-08-14 13:46:00,615 INFO  [RegTest]  
2016-08-14 13:46:00,618 INFO  [RegTest]  
2016-08-14 13:46:00,618 INFO  [RegTest]  
2016-08-14 13:46:00,619 INFO  [RegTest]  
2016-08-14 13:46:00,619 INFO  [RegTest]  
2016-08-14 13:46:00,619 INFO  [RegTest]  
2016-08-14 13:46:00,620 INFO  [RegTest]  
2016-08-14 13:46:00,621 INFO  [RegTest]  
2016-08-14 13:46:00,622 INFO  [RegTest]  
2016-08-14 13:46:00,622 INFO  [RegTest]  
2016-08-14 13:46:00,622 INFO  [RegTest]  
2016-08-14 13:46:00,622 INFO  [RegTest]  
2016-08-14 13:46:00,623 INFO  [RegTest]  
2016-08-14 13:46:00,623 INFO  [RegTest]  
2016-08-14 13:46:00,623 INFO  [RegTest]  
2016-08-14 13:46:00,623 INFO  [RegTest]  
2016-08-14 13:46:00,624 INFO  [RegTest]  
2016-08-14 13:46:00,624 INFO  [RegTest]  
2016-08-14 13:46:00,624 INFO  [RegTest]  
2016-08-14 13:46:00,624 INFO  [RegTest]  
2016-08-14 13:46:00,625 INFO  [RegTest]  
2016-08-14 13:46:00,625 INFO  [RegTest]  
2016-08-14 13:46:00,625 INFO  [RegTest]  
2016-08-14 13:46:00,625 INFO  [RegTest]  
2016-08-14 13:46:00,626 INFO  [RegTest]  
2016-08-14 13:46:00,626 INFO  [RegTest]  
2016-08-14 13:46:00,626 INFO  [RegTest]  
2016-08-14 13:46:00,626 INFO  [RegTest]  
2016-08-14 13:46:00,626 INFO  [RegTest]  
2016-08-14 13:46:00,627 INFO  [RegTest]  
2016-08-14 13:46:00,627 INFO  [RegTest]  
2016-08-14 13:46:00,627 INFO  [RegTest]  
2016-08-14 13:46:00,627 INFO  [RegTest]  
2016-08-14 13:46:00,627 INFO  [RegTest]  
2016-08-14 13:46:00,628 INFO  [RegTest]  
2016-08-14 13:46:00,628 INFO  [RegTest]  
2016-08-14 13:46:00,628 INFO  [RegTest]  
2016-08-14 13:46:00,628 INFO  [RegTest]  
2016-08-14 13:46:00,628 INFO  [RegTest]  
2016-08-14 13:46:00,629 INFO  [RegTest]  
2016-08-14 13:46:00,629 INFO  [RegTest]  
2016-08-14 13:46:00,629 INFO  [RegTest]  
2016-08-14 13:46:00,629 INFO  [RegTest]  
2016-08-14 13:46:00,629 INFO  [RegTest]  
2016-08-14 13:46:00,630 INFO  [RegTest]  
2016-08-14 13:46:00,630 INFO  [RegTest]  
2016-08-14 13:46:00,630 INFO  [RegTest]  
2016-08-14 13:46:00,630 INFO  [RegTest]  
2016-08-14 13:46:00,630 INFO  [RegTest]  
2016-08-14 13:46:00,630 INFO  [RegTest]  
2016-08-14 13:47:10,968 INFO  [RegTest] Row = 1Column = 15 
2016-08-14 13:47:53,128 INFO  [RegTest] Row = 1Column = 15 
2016-08-14 13:49:11,679 INFO  [RegTest] Row = 1Column = 15 
2016-08-14 13:53:43,049 INFO  [RegTest] Row = 1Column = 15 
2016-08-14 13:54:19,831 INFO  [RegTest] Row = 1Column = 15 
2016-08-14 13:56:07,884 INFO  [RegTest] Row = 1Column = 15 
2016-08-14 13:56:07,939 INFO  [RegTest] Test Comb No. 
2016-08-14 13:56:07,939 INFO  [RegTest] FirstName 
2016-08-14 13:56:07,940 INFO  [RegTest] lastName 
2016-08-14 13:56:07,940 INFO  [RegTest] phone 
2016-08-14 13:56:07,940 INFO  [RegTest] userName 
2016-08-14 13:56:07,940 INFO  [RegTest] address1 
2016-08-14 13:56:07,941 INFO  [RegTest] address2 
2016-08-14 13:56:07,941 INFO  [RegTest] city 
2016-08-14 13:56:07,941 INFO  [RegTest] state 
2016-08-14 13:56:07,942 INFO  [RegTest] postalCode 
2016-08-14 13:56:07,942 INFO  [RegTest] country 
2016-08-14 13:56:07,942 INFO  [RegTest] email 
2016-08-14 13:56:07,942 INFO  [RegTest] password 
2016-08-14 13:56:07,942 INFO  [RegTest] confirmPassword 
2016-08-14 13:56:07,943 INFO  [RegTest] Test case Status 
2016-08-14 13:57:27,562 INFO  [RegTest] Row = 1Column = 15 
2016-08-14 13:57:27,573 INFO  [RegTest] Test Comb No. 
2016-08-14 13:57:27,573 INFO  [RegTest] FirstName 
2016-08-14 13:57:27,574 INFO  [RegTest] lastName 
2016-08-14 13:57:27,574 INFO  [RegTest] phone 
2016-08-14 13:57:27,574 INFO  [RegTest] userName 
2016-08-14 13:57:27,575 INFO  [RegTest] address1 
2016-08-14 13:57:27,575 INFO  [RegTest] address2 
2016-08-14 13:57:27,576 INFO  [RegTest] city 
2016-08-14 13:57:27,576 INFO  [RegTest] state 
2016-08-14 13:57:27,576 INFO  [RegTest] postalCode 
2016-08-14 13:57:27,577 INFO  [RegTest] country 
2016-08-14 13:57:27,577 INFO  [RegTest] email 
2016-08-14 13:57:27,577 INFO  [RegTest] password 
2016-08-14 13:57:27,578 INFO  [RegTest] confirmPassword 
2016-08-14 13:57:27,578 INFO  [RegTest] Test case Status 
2016-08-14 14:00:42,145 INFO  [RegTest] Row = 1Column = 15 
2016-08-14 14:00:42,154 INFO  [RegTest] Test Comb No. 
2016-08-14 14:00:42,155 INFO  [RegTest] FirstName 
2016-08-14 14:00:42,155 INFO  [RegTest] lastName 
2016-08-14 14:00:42,155 INFO  [RegTest] phone 
2016-08-14 14:00:42,155 INFO  [RegTest] userName 
2016-08-14 14:00:42,156 INFO  [RegTest] address1 
2016-08-14 14:00:42,156 INFO  [RegTest] address2 
2016-08-14 14:00:42,157 INFO  [RegTest] city 
2016-08-14 14:00:42,157 INFO  [RegTest] state 
2016-08-14 14:00:42,157 INFO  [RegTest] postalCode 
2016-08-14 14:00:42,157 INFO  [RegTest] country 
2016-08-14 14:00:42,158 INFO  [RegTest] email 
2016-08-14 14:00:42,158 INFO  [RegTest] password 
2016-08-14 14:00:42,158 INFO  [RegTest] confirmPassword 
2016-08-14 14:00:42,158 INFO  [RegTest] Test case Status 
2016-08-15 19:25:18,740 INFO  [RegTest] Row = 2Column = 15 
2016-08-15 19:25:18,799 INFO  [RegTest] Test Comb No. 
2016-08-15 19:25:18,799 INFO  [RegTest] FirstName 
2016-08-15 19:25:18,800 INFO  [RegTest] lastName 
2016-08-15 19:25:18,800 INFO  [RegTest] phone 
2016-08-15 19:25:18,801 INFO  [RegTest] userName 
2016-08-15 19:25:18,801 INFO  [RegTest] address1 
2016-08-15 19:25:18,802 INFO  [RegTest] address2 
2016-08-15 19:25:18,803 INFO  [RegTest] city 
2016-08-15 19:25:18,804 INFO  [RegTest] state 
2016-08-15 19:25:18,804 INFO  [RegTest] postalCode 
2016-08-15 19:25:18,805 INFO  [RegTest] country 
2016-08-15 19:25:18,805 INFO  [RegTest] email 
2016-08-15 19:25:18,806 INFO  [RegTest] password 
2016-08-15 19:25:18,806 INFO  [RegTest] confirmPassword 
2016-08-15 19:25:18,807 INFO  [RegTest] Test case Status 
2016-08-15 19:32:01,297 INFO  [RegTest] Row = 2Column = 14 
2016-08-15 19:32:01,345 INFO  [RegTest] FirstName 
2016-08-15 19:32:01,345 INFO  [RegTest] lastName 
2016-08-15 19:32:01,345 INFO  [RegTest] phone 
2016-08-15 19:32:01,345 INFO  [RegTest] userName 
2016-08-15 19:32:01,346 INFO  [RegTest] address1 
2016-08-15 19:32:01,346 INFO  [RegTest] address2 
2016-08-15 19:32:01,346 INFO  [RegTest] city 
2016-08-15 19:32:01,347 INFO  [RegTest] state 
2016-08-15 19:32:01,347 INFO  [RegTest] postalCode 
2016-08-15 19:32:01,347 INFO  [RegTest] country 
2016-08-15 19:32:01,347 INFO  [RegTest] email 
2016-08-15 19:32:01,347 INFO  [RegTest] password 
2016-08-15 19:32:01,348 INFO  [RegTest] confirmPassword 
2016-08-15 19:32:01,348 INFO  [RegTest] Test case Status 
2016-08-15 20:07:28,619 INFO  [RegTest] Ravi 
2016-08-15 20:07:28,746 INFO  [RegTest] 9176040636 
2016-08-15 20:07:28,747 INFO  [RegTest] rmani2005 
2016-08-15 20:07:28,747 INFO  [RegTest] 1/72 Anna Main Road 
2016-08-15 20:07:28,748 INFO  [RegTest] Kolapakkam 
2016-08-15 20:07:28,748 INFO  [RegTest] Chennai 
2016-08-15 20:07:28,748 INFO  [RegTest] Tamil Nadu 
2016-08-15 20:07:28,750 INFO  [RegTest] 600122 
2016-08-15 20:07:28,750 INFO  [RegTest] India 
2016-08-15 20:07:28,750 INFO  [RegTest] rmani2005@gmail.com 
2016-08-15 20:07:28,751 INFO  [RegTest] Mani-12345 
2016-08-15 20:07:28,751 INFO  [RegTest] Mani-12345 
2016-08-15 20:07:28,751 INFO  [RegTest] No Actions 
2016-08-15 20:12:23,362 INFO  [RegTest] Manikandan 
2016-08-15 20:12:23,373 INFO  [RegTest] Ravi 
2016-08-15 20:12:23,373 INFO  [RegTest] 9176040636 
2016-08-15 20:12:23,374 INFO  [RegTest] rmani2005 
2016-08-15 20:12:23,374 INFO  [RegTest] 1/72 Anna Main Road 
2016-08-15 20:12:23,374 INFO  [RegTest] Kolapakkam 
2016-08-15 20:12:23,374 INFO  [RegTest] Chennai 
2016-08-15 20:12:23,375 INFO  [RegTest] Tamil Nadu 
2016-08-15 20:12:23,375 INFO  [RegTest] 600122 
2016-08-15 20:12:23,376 INFO  [RegTest] India 
2016-08-15 20:12:23,376 INFO  [RegTest] rmani2005@gmail.com 
2016-08-15 20:12:23,376 INFO  [RegTest] Mani-12345 
2016-08-15 20:12:23,376 INFO  [RegTest] Mani-12345 
2016-08-15 20:12:23,377 INFO  [RegTest] No Actions 
2016-08-15 20:12:23,377 INFO  [RegTest] Sundar 
2016-08-15 20:12:23,377 INFO  [RegTest] Ravi 
2016-08-15 20:12:23,378 INFO  [RegTest] 9176040636 
2016-08-15 20:12:23,378 INFO  [RegTest] rsun2005 
2016-08-15 20:12:23,378 INFO  [RegTest] 1/72 Anna Main Road 
2016-08-15 20:12:23,378 INFO  [RegTest] Kolapakkam 
2016-08-15 20:12:23,379 INFO  [RegTest] Chennai 
2016-08-15 20:12:23,379 INFO  [RegTest] Tamil Nadu 
2016-08-15 20:12:23,379 INFO  [RegTest] 600122 
2016-08-15 20:12:23,379 INFO  [RegTest] India 
2016-08-15 20:12:23,380 INFO  [RegTest] rmani2005@gmail.com 
2016-08-15 20:12:23,380 INFO  [RegTest] Mani-12345 
2016-08-15 20:12:23,380 INFO  [RegTest] Mani-12345 
2016-08-15 20:12:23,380 INFO  [RegTest] No Actions 
2016-08-15 20:18:41,676 INFO  [RegTest] Test.RegTest  validRegVerifiactionTest is started running 
2016-08-15 20:18:41,787 INFO  [RegTest] Loaded the information 
2016-08-15 20:18:46,948 INFO  [RegTest] Manikandan 
2016-08-15 20:18:46,949 INFO  [RegTest] Ravi 
2016-08-15 20:18:46,949 INFO  [RegTest] 9176040636 
2016-08-15 20:18:46,949 INFO  [RegTest] rmani2005 
2016-08-15 20:18:46,950 INFO  [RegTest] 1/72 Anna Main Road 
2016-08-15 20:18:46,950 INFO  [RegTest] Kolapakkam 
2016-08-15 20:18:46,950 INFO  [RegTest] Chennai 
2016-08-15 20:18:46,951 INFO  [RegTest] Tamil Nadu 
2016-08-15 20:18:46,952 INFO  [RegTest] 600122 
2016-08-15 20:18:46,952 INFO  [RegTest] India 
2016-08-15 20:18:46,952 INFO  [RegTest] rmani2005@gmail.com 
2016-08-15 20:18:46,952 INFO  [RegTest] Mani-12345 
2016-08-15 20:18:46,953 INFO  [RegTest] Mani-12345 
2016-08-15 20:18:46,953 INFO  [RegTest] No Actions 
2016-08-15 20:18:46,954 INFO  [RegTest] Sundar 
2016-08-15 20:18:46,955 INFO  [RegTest] Ravi 
2016-08-15 20:18:46,955 INFO  [RegTest] 9176040636 
2016-08-15 20:18:46,956 INFO  [RegTest] rsun2005 
2016-08-15 20:18:46,956 INFO  [RegTest] 1/72 Anna Main Road 
2016-08-15 20:18:46,956 INFO  [RegTest] Kolapakkam 
2016-08-15 20:18:46,957 INFO  [RegTest] Chennai 
2016-08-15 20:18:46,957 INFO  [RegTest] Tamil Nadu 
2016-08-15 20:18:46,958 INFO  [RegTest] 600122 
2016-08-15 20:18:46,958 INFO  [RegTest] India 
2016-08-15 20:18:46,958 INFO  [RegTest] rmani2005@gmail.com 
2016-08-15 20:18:46,958 INFO  [RegTest] Mani-12345 
2016-08-15 20:18:46,959 INFO  [RegTest] Mani-12345 
2016-08-15 20:18:46,959 INFO  [RegTest] No Actions 
2016-08-15 20:24:28,655 INFO  [RegTest] Test.RegTest  validRegVerifiactionTest is started running 
2016-08-15 20:24:28,783 INFO  [RegTest] Loaded the information 
2016-08-15 20:24:31,003 INFO  [RegTest] Manikandan 
2016-08-15 20:24:31,003 INFO  [RegTest] Ravi 
2016-08-15 20:24:31,003 INFO  [RegTest] 9176040636 
2016-08-15 20:24:31,004 INFO  [RegTest] rmani2005 
2016-08-15 20:24:31,004 INFO  [RegTest] 1/72 Anna Main Road 
2016-08-15 20:24:31,004 INFO  [RegTest] Kolapakkam 
2016-08-15 20:24:31,004 INFO  [RegTest] Chennai 
2016-08-15 20:24:31,005 INFO  [RegTest] Tamil Nadu 
2016-08-15 20:24:31,005 INFO  [RegTest] 600122 
2016-08-15 20:24:31,006 INFO  [RegTest] India 
2016-08-15 20:24:31,006 INFO  [RegTest] rmani2005@gmail.com 
2016-08-15 20:24:31,006 INFO  [RegTest] Mani-12345 
2016-08-15 20:24:31,006 INFO  [RegTest] Mani-12345 
2016-08-15 20:24:31,007 INFO  [RegTest] No Actions 
2016-08-15 20:29:38,406 INFO  [RegTest] Test.RegTest  validRegVerifiactionTest is started running 
2016-08-15 20:29:38,453 INFO  [RegTest] Loaded the information 
2016-08-15 20:29:40,666 INFO  [RegTest] Manikandan 
2016-08-15 20:29:40,666 INFO  [RegTest] Ravi 
2016-08-15 20:29:40,666 INFO  [RegTest] 9176040636 
2016-08-15 20:29:40,667 INFO  [RegTest] rmani2005 
2016-08-15 20:29:40,667 INFO  [RegTest] 1/72 Anna Main Road 
2016-08-15 20:29:40,667 INFO  [RegTest] Kolapakkam 
2016-08-15 20:29:40,668 INFO  [RegTest] Chennai 
2016-08-15 20:29:40,669 INFO  [RegTest] Tamil Nadu 
2016-08-15 20:29:40,669 INFO  [RegTest] 600122 
2016-08-15 20:29:40,669 INFO  [RegTest] India 
2016-08-15 20:29:40,669 INFO  [RegTest] rmani2005@gmail.com 
2016-08-15 20:29:40,669 INFO  [RegTest] Mani-12345 
2016-08-15 20:29:40,670 INFO  [RegTest] Mani-12345 
2016-08-15 20:29:40,670 INFO  [RegTest] No Actions 
2016-08-15 20:36:02,880 INFO  [RegTest] Test.RegTest  validRegVerifiactionTest is started running 
2016-08-15 20:36:03,511 INFO  [RegTest] Loaded the information 
2016-08-15 20:36:20,380 INFO  [RegTest] Manikandan 
2016-08-15 20:36:20,381 INFO  [RegTest] Ravi 
2016-08-15 20:36:20,381 INFO  [RegTest] 9176040636 
2016-08-15 20:36:20,382 INFO  [RegTest] rmani2005 
2016-08-15 20:36:20,382 INFO  [RegTest] 1/72 Anna Main Road 
2016-08-15 20:36:20,383 INFO  [RegTest] Kolapakkam 
2016-08-15 20:36:20,383 INFO  [RegTest] Chennai 
2016-08-15 20:36:20,385 INFO  [RegTest] Tamil Nadu 
2016-08-15 20:36:20,385 INFO  [RegTest] 600122 
2016-08-15 20:36:20,385 INFO  [RegTest] India 
2016-08-15 20:36:20,386 INFO  [RegTest] rmani2005@gmail.com 
2016-08-15 20:36:20,387 INFO  [RegTest] Mani-12345 
2016-08-15 20:36:20,387 INFO  [RegTest] Mani-12345 
2016-08-15 20:36:20,388 INFO  [RegTest] No Actions 
2016-08-15 20:39:24,904 INFO  [RegTest] Test.RegTest  validRegVerifiactionTest is started running 
2016-08-15 20:39:24,971 INFO  [RegTest] Loaded the information 
2016-08-15 20:42:54,536 INFO  [RegTest] Test.RegTest  validRegVerifiactionTest is started running 
2016-08-15 20:42:54,539 INFO  [RegTest] Loaded the information 
2016-08-15 20:45:41,451 INFO  [RegTest] Test.RegTest  validRegVerifiactionTest is started running 
2016-08-15 20:45:41,459 INFO  [RegTest] Loaded the information 
2016-08-15 20:47:11,516 INFO  [RegTest] Test.RegTest  validRegVerifiactionTest is started running 
2016-08-15 20:47:11,521 INFO  [RegTest] Loaded the information 
2016-08-15 20:49:47,633 INFO  [RegTest] Test.RegTest  validRegVerifiactionTest is started running 
2016-08-15 20:49:47,689 INFO  [RegTest] Loaded the information 
2016-08-15 20:51:52,839 INFO  [RegTest] Test.RegTest  validRegVerifiactionTest is started running 
2016-08-15 20:51:53,077 INFO  [RegTest] Loaded the information 
2016-08-15 20:53:21,801 INFO  [RegTest] Test.RegTest  validRegVerifiactionTest is started running 
2016-08-15 20:53:21,807 INFO  [RegTest] Loaded the information 
2016-08-15 21:42:39,463 INFO  [RegTest] Test.RegTest  validRegVerifiactionTest is started running 
2016-08-15 21:42:39,493 INFO  [RegTest] Loaded the information 
2016-08-15 21:46:51,325 INFO  [RegTest] Test.RegTest  validRegVerifiactionTest is started running 
2016-08-15 21:46:51,366 INFO  [RegTest] Loaded the information 
2016-09-05 10:52:33,857 INFO  [RegTest] Test.RegTest  validRegVerifiactionTest is started running 
2016-09-05 10:52:34,215 INFO  [RegTest] Loaded the information 
2016-09-05 10:54:55,305 INFO  [RegTest] Test.RegTest  validRegVerifiactionTest is started running 
2016-09-05 10:54:55,422 INFO  [RegTest] Loaded the information 
2016-09-05 11:10:06,763 INFO  [RegTest] Test.RegTest  validRegVerifiactionTest is started running 
2016-09-05 11:10:06,818 INFO  [RegTest] Loaded the information 
